<?xml version="1.0" encoding="UTF-8"?>
<!-- Generated by org.testng.reporters.JUnitReportReporter -->
<testsuite skipped="0" hostname="PINKYPRIYA" name="Academy.validateNavigationBar" tests="1" failures="0" timestamp="27 Sep 2021 11:53:15 GMT" time="1.232" errors="0">
  <testcase name="basePageNavigation" time="1.232" classname="Academy.validateNavigationBar"/>
</testsuite> <!-- Academy.validateNavigationBar -->
