<?xml version="1.0" encoding="UTF-8"?>
<!-- Generated by org.testng.reporters.JUnitReportReporter -->
<testsuite skipped="0" hostname="PINKYPRIYA" name="Academy.HomePage" tests="2" failures="0" timestamp="27 Sep 2021 11:53:15 GMT" time="76.174" errors="0">
  <testcase name="basePageNavigation" time="9.700" classname="Academy.HomePage"/>
  <testcase name="basePageNavigation" time="66.474" classname="Academy.HomePage"/>
</testsuite> <!-- Academy.HomePage -->
