<?xml version="1.0" encoding="UTF-8"?>
<!-- Generated by org.testng.reporters.JUnitReportReporter -->
<testsuite skipped="0" hostname="PINKYPRIYA" name="Academy.validateNavigationBar" tests="1" failures="0" timestamp="27 Sep 2021 14:43:55 GMT" time="1.676" errors="0">
  <testcase name="basePageNavigation" time="1.676" classname="Academy.validateNavigationBar"/>
</testsuite> <!-- Academy.validateNavigationBar -->
