<?xml version="1.0" encoding="UTF-8"?>
<!-- Generated by org.testng.reporters.JUnitReportReporter -->
<testsuite skipped="0" hostname="PINKYPRIYA" name="Academy.HomePage" tests="2" failures="0" timestamp="27 Sep 2021 14:43:55 GMT" time="33.693" errors="0">
  <testcase name="basePageNavigation" time="3.884" classname="Academy.HomePage"/>
  <testcase name="basePageNavigation" time="29.809" classname="Academy.HomePage"/>
</testsuite> <!-- Academy.HomePage -->
